<?xml version="1.0" encoding="UTF-8"?>
<!-- Generated by org.testng.reporters.JUnitReportReporter -->
<testsuite hostname="DESKTOP-FGBT5CD" failures="0" tests="1" name="test.application.Check" time="0.007" errors="0" timestamp="2020-07-28T09:10:06 IST" skipped="0">
  <testcase classname="test.application.Check" name="Load" time="0.007"/>
</testsuite> <!-- test.application.Check -->
