<?xml version="1.0" encoding="UTF-8"?>
<!-- Generated by org.testng.reporters.JUnitReportReporter -->
<testsuite hostname="DESKTOP-FGBT5CD" failures="0" tests="4" name="test.application.testPages.HomeTest" time="14.946" errors="0" timestamp="2020-08-07T08:57:23 IST" skipped="0">
  <testcase classname="test.application.testPages.HomeTest" name="logIn" time="0.194"/>
  <testcase classname="test.application.testPages.HomeTest" name="searchItem" time="1.097"/>
  <testcase classname="test.application.testPages.HomeTest" name="sortItem" time="6.134"/>
  <testcase classname="test.application.testPages.HomeTest" name="pinCheckAndBuy" time="7.521"/>
</testsuite> <!-- test.application.testPages.HomeTest -->
