<?xml version="1.0" encoding="UTF-8"?>
<!-- Generated by org.testng.reporters.JUnitReportReporter -->
<testsuite skipped="0" hostname="DESKTOP-6DAN9BV" name="test.application.testPages.EtoETest" tests="6" failures="0" timestamp="14 Nov 2020 04:13:04 GMT" time="30.748" errors="0">
  <testcase name="logIn" time="0.133" classname="test.application.testPages.EtoETest"/>
  <testcase name="searchItem" time="0.631" classname="test.application.testPages.EtoETest"/>
  <testcase name="sortItem" time="9.208" classname="test.application.testPages.EtoETest"/>
  <testcase name="pinCheckAndBuy" time="6.033" classname="test.application.testPages.EtoETest"/>
  <testcase name="placeOrder" time="11.827" classname="test.application.testPages.EtoETest"/>
  <testcase name="MakePayment" time="2.916" classname="test.application.testPages.EtoETest"/>
</testsuite> <!-- test.application.testPages.EtoETest -->
